生成启动时间为 2019/2/11 14:27:55。
     1>项目“F:\WEI\University\Study\Grade One\Spring Term\C++\作业\Greedy Snake\Homework Snake\Snake\Snake.vcxproj”在节点 2 上(build 个目标)。
     1>InitializeBuildStatus:
         正在创建“Debug\Snake.unsuccessfulbuild”，因为已指定“AlwaysCreate”。
       ClCompile:
         C:\Program Files (x86)\Microsoft Visual Studio 10.0\VC\bin\CL.exe /c /ZI /nologo /W3 /WX- /Od /Oy- /D WIN32 /D _DEBUG /D _CONSOLE /D _UNICODE /D UNICODE /Gm /EHsc /RTC1 /MDd /GS /fp:precise /Zc:wchar_t /Zc:forScope /Fo"Debug\\" /Fd"Debug\vc100.pdb" /Gd /TP /analyze- /errorReport:prompt Function.cpp main.cpp Snake.cpp
         Snake.cpp
         main.cpp
         Function.cpp
         正在生成代码...
       ManifestResourceCompile:
         C:\Program Files (x86)\Microsoft SDKs\Windows\v7.0A\bin\rc.exe /nologo /fo"Debug\Snake.exe.embed.manifest.res" Debug\Snake_manifest.rc 
       Link:
         C:\Program Files (x86)\Microsoft Visual Studio 10.0\VC\bin\link.exe /ERRORREPORT:PROMPT /OUT:"F:\WEI\University\Study\Grade One\Spring Term\C++\作业\Greedy Snake\Homework Snake\Debug\Snake.exe" /INCREMENTAL /NOLOGO kernel32.lib user32.lib gdi32.lib winspool.lib comdlg32.lib advapi32.lib shell32.lib ole32.lib oleaut32.lib uuid.lib odbc32.lib odbccp32.lib /MANIFEST /ManifestFile:"Debug\Snake.exe.intermediate.manifest" /MANIFESTUAC:"level='asInvoker' uiAccess='false'" /DEBUG /PDB:"F:\WEI\University\Study\Grade One\Spring Term\C++\作业\Greedy Snake\Homework Snake\Debug\Snake.pdb" /SUBSYSTEM:CONSOLE /TLBID:1 /DYNAMICBASE /NXCOMPAT /IMPLIB:"F:\WEI\University\Study\Grade One\Spring Term\C++\作业\Greedy Snake\Homework Snake\Debug\Snake.lib" /MACHINE:X86 Debug\Snake.exe.embed.manifest.res
         Debug\Function.obj
         Debug\main.obj
         Debug\Snake.obj
       Manifest:
         C:\Program Files (x86)\Microsoft SDKs\Windows\v7.0A\bin\mt.exe /nologo /verbose /out:"Debug\Snake.exe.embed.manifest" /manifest Debug\Snake.exe.intermediate.manifest
         所有输出均为最新。
       LinkEmbedManifest:
         所有输出均为最新。
         Snake.vcxproj -> F:\WEI\University\Study\Grade One\Spring Term\C++\作业\Greedy Snake\Homework Snake\Debug\Snake.exe
       FinalizeBuildStatus:
         正在删除文件“Debug\Snake.unsuccessfulbuild”。
         正在对“Debug\Snake.lastbuildstate”执行 Touch 任务。
     1>已完成生成项目“F:\WEI\University\Study\Grade One\Spring Term\C++\作业\Greedy Snake\Homework Snake\Snake\Snake.vcxproj”(build 个目标)的操作。

生成成功。

已用时间 00:00:08.18
